build/outputs/logs/manifest-merger-release-report.txt
-- Merging decision tree log ---
manifest
ADDED from Easync\EasyncSetupTool\AndroidManifest.xml:2:1-53:12
	package
		ADDED from Easync\EasyncSetupTool\AndroidManifest.xml:3:5-41
	android:versionName
		ADDED from Easync\EasyncSetupTool\AndroidManifest.xml:5:5-30
		INJECTED from Easync\EasyncSetupTool\AndroidManifest.xml
		INJECTED from Easync\EasyncSetupTool\AndroidManifest.xml
	android:versionCode
		ADDED from Easync\EasyncSetupTool\AndroidManifest.xml:4:5-29
		INJECTED from Easync\EasyncSetupTool\AndroidManifest.xml
		INJECTED from Easync\EasyncSetupTool\AndroidManifest.xml
	xmlns:android
		ADDED from Easync\EasyncSetupTool\AndroidManifest.xml:2:11-69
uses-sdk
ADDED from Easync\EasyncSetupTool\AndroidManifest.xml:7:5-9:41
MERGED from [com.google.android.gms:play-services-auth:10.2.1] AndroidManifest.xml:17:5-43
MERGED from [com.google.android.gms:play-services-auth-base:10.2.1] AndroidManifest.xml:4:5-43
MERGED from [com.google.android.gms:play-services-base:10.2.1] AndroidManifest.xml:17:5-43
MERGED from [com.google.android.gms:play-services-tasks:10.2.1] AndroidManifest.xml:3:5-43
MERGED from [com.google.android.gms:play-services-basement:10.2.1] AndroidManifest.xml:17:5-43
MERGED from [com.android.support:support-v4:24.0.0] AndroidManifest.xml:21:5-23:54
	tools:overrideLibrary
		ADDED from [com.android.support:support-v4:24.0.0] AndroidManifest.xml:23:9-51
	android:targetSdkVersion
		ADDED from Easync\EasyncSetupTool\AndroidManifest.xml:9:9-38
		INJECTED from Easync\EasyncSetupTool\AndroidManifest.xml
		INJECTED from Easync\EasyncSetupTool\AndroidManifest.xml
	android:minSdkVersion
		ADDED from Easync\EasyncSetupTool\AndroidManifest.xml:8:9-35
		INJECTED from Easync\EasyncSetupTool\AndroidManifest.xml
		INJECTED from Easync\EasyncSetupTool\AndroidManifest.xml
uses-feature#android.hardware.usb.host
ADDED from Easync\EasyncSetupTool\AndroidManifest.xml:11:5-62
	android:name
		ADDED from Easync\EasyncSetupTool\AndroidManifest.xml:11:19-59
uses-permission#android.permission.USB_PERMISSION
ADDED from Easync\EasyncSetupTool\AndroidManifest.xml:13:5-73
	android:name
		ADDED from Easync\EasyncSetupTool\AndroidManifest.xml:13:22-70
uses-permission#android.permission.INTERNET
ADDED from Easync\EasyncSetupTool\AndroidManifest.xml:14:5-67
	android:name
		ADDED from Easync\EasyncSetupTool\AndroidManifest.xml:14:22-64
uses-permission#android.permission.ACCESS_NETWORK_STATE
ADDED from Easync\EasyncSetupTool\AndroidManifest.xml:15:5-79
	android:name
		ADDED from Easync\EasyncSetupTool\AndroidManifest.xml:15:22-76
uses-permission#android.permission.ACCESS_WIFI_STATE
ADDED from Easync\EasyncSetupTool\AndroidManifest.xml:16:5-76
	android:name
		ADDED from Easync\EasyncSetupTool\AndroidManifest.xml:16:22-73
application
ADDED from Easync\EasyncSetupTool\AndroidManifest.xml:18:5-51:19
MERGED from [com.google.android.gms:play-services-auth:10.2.1] AndroidManifest.xml:19:5-25:19
MERGED from [com.google.android.gms:play-services-base:10.2.1] AndroidManifest.xml:18:5-20:19
MERGED from [com.google.android.gms:play-services-tasks:10.2.1] AndroidManifest.xml:4:5-19
MERGED from [com.google.android.gms:play-services-basement:10.2.1] AndroidManifest.xml:19:5-21:19
MERGED from [com.android.support:support-v4:24.0.0] AndroidManifest.xml:25:5-20
	android:label
		ADDED from Easync\EasyncSetupTool\AndroidManifest.xml:22:9-41
	android:hardwareAccelerated
		ADDED from Easync\EasyncSetupTool\AndroidManifest.xml:20:9-43
	android:allowBackup
		ADDED from Easync\EasyncSetupTool\AndroidManifest.xml:19:9-35
	android:icon
		ADDED from Easync\EasyncSetupTool\AndroidManifest.xml:21:9-45
	android:theme
		ADDED from Easync\EasyncSetupTool\AndroidManifest.xml:23:9-40
activity#com.appspot.usbhidterminal.USBHIDTerminal
ADDED from Easync\EasyncSetupTool\AndroidManifest.xml:24:9-32:20
	android:label
		ADDED from Easync\EasyncSetupTool\AndroidManifest.xml:26:13-45
	android:name
		ADDED from Easync\EasyncSetupTool\AndroidManifest.xml:25:13-43
intent-filter#android.intent.action.MAIN+android.intent.category.LAUNCHER
ADDED from Easync\EasyncSetupTool\AndroidManifest.xml:27:13-31:29
action#android.intent.action.MAIN
ADDED from Easync\EasyncSetupTool\AndroidManifest.xml:28:17-69
	android:name
		ADDED from Easync\EasyncSetupTool\AndroidManifest.xml:28:25-66
category#android.intent.category.LAUNCHER
ADDED from Easync\EasyncSetupTool\AndroidManifest.xml:30:17-77
	android:name
		ADDED from Easync\EasyncSetupTool\AndroidManifest.xml:30:27-74
service#com.appspot.usbhidterminal.core.services.USBHIDService
ADDED from Easync\EasyncSetupTool\AndroidManifest.xml:34:9-37:48
	android:label
		ADDED from Easync\EasyncSetupTool\AndroidManifest.xml:37:13-45
	android:icon
		ADDED from Easync\EasyncSetupTool\AndroidManifest.xml:36:13-49
	android:name
		ADDED from Easync\EasyncSetupTool\AndroidManifest.xml:35:13-56
service#com.appspot.usbhidterminal.core.services.WebServerService
ADDED from Easync\EasyncSetupTool\AndroidManifest.xml:38:9-41:50
	android:label
		ADDED from Easync\EasyncSetupTool\AndroidManifest.xml:41:13-47
	android:icon
		ADDED from Easync\EasyncSetupTool\AndroidManifest.xml:40:13-49
	android:name
		ADDED from Easync\EasyncSetupTool\AndroidManifest.xml:39:13-59
service#com.appspot.usbhidterminal.core.services.SocketService
ADDED from Easync\EasyncSetupTool\AndroidManifest.xml:42:9-45:53
	android:label
		ADDED from Easync\EasyncSetupTool\AndroidManifest.xml:45:13-50
	android:icon
		ADDED from Easync\EasyncSetupTool\AndroidManifest.xml:44:13-49
	android:name
		ADDED from Easync\EasyncSetupTool\AndroidManifest.xml:43:13-56
activity#com.appspot.usbhidterminal.SettingsActivity
ADDED from Easync\EasyncSetupTool\AndroidManifest.xml:47:9-50:20
	android:label
		ADDED from Easync\EasyncSetupTool\AndroidManifest.xml:49:13-60
	android:name
		ADDED from Easync\EasyncSetupTool\AndroidManifest.xml:48:13-45
activity#com.google.android.gms.auth.api.signin.internal.SignInHubActivity
ADDED from [com.google.android.gms:play-services-auth:10.2.1] AndroidManifest.xml:20:9-189
	android:excludeFromRecents
		ADDED from [com.google.android.gms:play-services-auth:10.2.1] AndroidManifest.xml:20:129-162
	android:exported
		ADDED from [com.google.android.gms:play-services-auth:10.2.1] AndroidManifest.xml:20:163-187
	android:theme
		ADDED from [com.google.android.gms:play-services-auth:10.2.1] AndroidManifest.xml:20:69-128
	android:name
		ADDED from [com.google.android.gms:play-services-auth:10.2.1] AndroidManifest.xml:20:19-68
service#com.google.android.gms.auth.api.signin.RevocationBoundService
ADDED from [com.google.android.gms:play-services-auth:10.2.1] AndroidManifest.xml:24:9-184
	android:exported
		ADDED from [com.google.android.gms:play-services-auth:10.2.1] AndroidManifest.xml:24:64-87
	android:permission
		ADDED from [com.google.android.gms:play-services-auth:10.2.1] AndroidManifest.xml:24:88-182
	android:name
		ADDED from [com.google.android.gms:play-services-auth:10.2.1] AndroidManifest.xml:24:18-63
activity#com.google.android.gms.common.api.GoogleApiActivity
ADDED from [com.google.android.gms:play-services-base:10.2.1] AndroidManifest.xml:19:9-172
	android:exported
		ADDED from [com.google.android.gms:play-services-base:10.2.1] AndroidManifest.xml:19:146-170
	android:theme
		ADDED from [com.google.android.gms:play-services-base:10.2.1] AndroidManifest.xml:19:86-145
	android:name
		ADDED from [com.google.android.gms:play-services-base:10.2.1] AndroidManifest.xml:19:19-85
meta-data#com.google.android.gms.version
ADDED from [com.google.android.gms:play-services-basement:10.2.1] AndroidManifest.xml:20:9-121
	android:value
		ADDED from [com.google.android.gms:play-services-basement:10.2.1] AndroidManifest.xml:20:66-119
	android:name
		ADDED from [com.google.android.gms:play-services-basement:10.2.1] AndroidManifest.xml:20:20-65